{"C:\\Users\\Usuario\\Desktop\\rest_api_node_server\\src\\router.ts": {"path":"C:\\Users\\Usuario\\Desktop\\rest_api_node_server\\src\\router.ts","statementMap":{"0":{"start":{"line":1,"column":0},"end":{"line":1,"column":31}},"1":{"start":{"line":2,"column":0},"end":{"line":2,"column":126}},"2":{"start":{"line":3,"column":0},"end":{"line":3,"column":46}},"3":{"start":{"line":4,"column":0},"end":{"line":4,"column":48}},"4":{"start":{"line":6,"column":15},"end":{"line":6,"column":23}},"5":{"start":{"line":8,"column":0},"end":{"line":9,"column":null}},"6":{"start":{"line":12,"column":0},"end":{"line":15,"column":null}},"7":{"start":{"line":17,"column":0},"end":{"line":24,"column":null}},"8":{"start":{"line":21,"column":19},"end":{"line":21,"column":28}},"9":{"start":{"line":26,"column":0},"end":{"line":35,"column":null}},"10":{"start":{"line":31,"column":21},"end":{"line":31,"column":30}},"11":{"start":{"line":37,"column":0},"end":{"line":40,"column":null}},"12":{"start":{"line":42,"column":0},"end":{"line":46,"column":null}},"13":{"start":{"line":48,"column":0},"end":{"line":48,"column":null}}},"fnMap":{"0":{"name":"(anonymous_0)","decl":{"start":{"line":21,"column":10},"end":{"line":21,"column":15}},"loc":{"start":{"line":21,"column":19},"end":{"line":21,"column":28}}},"1":{"name":"(anonymous_1)","decl":{"start":{"line":31,"column":12},"end":{"line":31,"column":17}},"loc":{"start":{"line":31,"column":21},"end":{"line":31,"column":30}}}},"branchMap":{},"s":{"0":2,"1":2,"2":2,"3":2,"4":2,"5":2,"6":2,"7":2,"8":4,"9":2,"10":5,"11":2,"12":2,"13":2},"f":{"0":4,"1":5},"b":{}}
,"C:\\Users\\Usuario\\Desktop\\rest_api_node_server\\src\\server.ts": {"path":"C:\\Users\\Usuario\\Desktop\\rest_api_node_server\\src\\server.ts","statementMap":{"0":{"start":{"line":6,"column":1},"end":{"line":6,"column":8}},"1":{"start":{"line":1,"column":0},"end":{"line":1,"column":30}},"2":{"start":{"line":2,"column":0},"end":{"line":2,"column":30}},"3":{"start":{"line":3,"column":0},"end":{"line":3,"column":29}},"4":{"start":{"line":7,"column":4},"end":{"line":13,"column":5}},"5":{"start":{"line":8,"column":3},"end":{"line":8,"column":null}},"6":{"start":{"line":9,"column":4},"end":{"line":9,"column":null}},"7":{"start":{"line":12,"column":9},"end":{"line":12,"column":null}},"8":{"start":{"line":15,"column":0},"end":{"line":15,"column":null}},"9":{"start":{"line":17,"column":15},"end":{"line":17,"column":24}},"10":{"start":{"line":20,"column":0},"end":{"line":20,"column":null}},"11":{"start":{"line":22,"column":0},"end":{"line":22,"column":null}},"12":{"start":{"line":24,"column":0},"end":{"line":26,"column":null}},"13":{"start":{"line":25,"column":4},"end":{"line":25,"column":null}},"14":{"start":{"line":28,"column":0},"end":{"line":28,"column":null}}},"fnMap":{"0":{"name":"connectDB","decl":{"start":{"line":6,"column":23},"end":{"line":6,"column":32}},"loc":{"start":{"line":6,"column":32},"end":{"line":14,"column":1}}},"1":{"name":"(anonymous_2)","decl":{"start":{"line":24,"column":18},"end":{"line":24,"column":19}},"loc":{"start":{"line":24,"column":30},"end":{"line":26,"column":1}}}},"branchMap":{},"s":{"0":2,"1":2,"2":2,"3":2,"4":3,"5":3,"6":2,"7":1,"8":2,"9":2,"10":2,"11":2,"12":2,"13":1,"14":2},"f":{"0":3,"1":1},"b":{}}
,"C:\\Users\\Usuario\\Desktop\\rest_api_node_server\\src\\config\\db.ts": {"path":"C:\\Users\\Usuario\\Desktop\\rest_api_node_server\\src\\config\\db.ts","statementMap":{"0":{"start":{"line":1,"column":0},"end":{"line":1,"column":49}},"1":{"start":{"line":2,"column":0},"end":{"line":2,"column":27}},"2":{"start":{"line":4,"column":0},"end":{"line":4,"column":null}},"3":{"start":{"line":5,"column":11},"end":{"line":8,"column":2}},"4":{"start":{"line":10,"column":0},"end":{"line":10,"column":null}}},"fnMap":{},"branchMap":{},"s":{"0":2,"1":2,"2":2,"3":2,"4":2},"f":{},"b":{}}
,"C:\\Users\\Usuario\\Desktop\\rest_api_node_server\\src\\handlers\\product.ts": {"path":"C:\\Users\\Usuario\\Desktop\\rest_api_node_server\\src\\handlers\\product.ts","statementMap":{"0":{"start":{"line":2,"column":0},"end":{"line":2,"column":39}},"1":{"start":{"line":5,"column":27},"end":{"line":12,"column":1}},"2":{"start":{"line":6,"column":0},"end":{"line":11,"column":1}},"3":{"start":{"line":7,"column":18},"end":{"line":7,"column":41}},"4":{"start":{"line":8,"column":2},"end":{"line":8,"column":null}},"5":{"start":{"line":10,"column":2},"end":{"line":10,"column":null}},"6":{"start":{"line":5,"column":13},"end":{"line":5,"column":27}},"7":{"start":{"line":14,"column":30},"end":{"line":32,"column":3}},"8":{"start":{"line":15,"column":2},"end":{"line":29,"column":3}},"9":{"start":{"line":16,"column":17},"end":{"line":16,"column":27}},"10":{"start":{"line":17,"column":20},"end":{"line":17,"column":46}},"11":{"start":{"line":19,"column":4},"end":{"line":23,"column":5}},"12":{"start":{"line":20,"column":6},"end":{"line":22,"column":null}},"13":{"start":{"line":25,"column":4},"end":{"line":25,"column":null}},"14":{"start":{"line":28,"column":4},"end":{"line":28,"column":null}},"15":{"start":{"line":14,"column":13},"end":{"line":14,"column":30}},"16":{"start":{"line":34,"column":29},"end":{"line":41,"column":1}},"17":{"start":{"line":35,"column":0},"end":{"line":40,"column":1}},"18":{"start":{"line":36,"column":18},"end":{"line":36,"column":48}},"19":{"start":{"line":37,"column":2},"end":{"line":37,"column":40}},"20":{"start":{"line":39,"column":2},"end":{"line":39,"column":null}},"21":{"start":{"line":34,"column":13},"end":{"line":34,"column":29}},"22":{"start":{"line":43,"column":29},"end":{"line":62,"column":1}},"23":{"start":{"line":44,"column":2},"end":{"line":61,"column":3}},"24":{"start":{"line":45,"column":17},"end":{"line":45,"column":27}},"25":{"start":{"line":46,"column":20},"end":{"line":46,"column":46}},"26":{"start":{"line":48,"column":4},"end":{"line":52,"column":5}},"27":{"start":{"line":49,"column":6},"end":{"line":51,"column":null}},"28":{"start":{"line":54,"column":4},"end":{"line":54,"column":null}},"29":{"start":{"line":55,"column":4},"end":{"line":55,"column":null}},"30":{"start":{"line":57,"column":4},"end":{"line":57,"column":null}},"31":{"start":{"line":60,"column":4},"end":{"line":60,"column":null}},"32":{"start":{"line":43,"column":13},"end":{"line":43,"column":29}},"33":{"start":{"line":65,"column":34},"end":{"line":83,"column":1}},"34":{"start":{"line":66,"column":2},"end":{"line":82,"column":3}},"35":{"start":{"line":67,"column":17},"end":{"line":67,"column":27}},"36":{"start":{"line":68,"column":20},"end":{"line":68,"column":46}},"37":{"start":{"line":70,"column":4},"end":{"line":74,"column":5}},"38":{"start":{"line":71,"column":6},"end":{"line":73,"column":null}},"39":{"start":{"line":76,"column":4},"end":{"line":76,"column":null}},"40":{"start":{"line":77,"column":4},"end":{"line":77,"column":null}},"41":{"start":{"line":79,"column":4},"end":{"line":79,"column":null}},"42":{"start":{"line":81,"column":4},"end":{"line":81,"column":null}},"43":{"start":{"line":65,"column":13},"end":{"line":65,"column":34}},"44":{"start":{"line":85,"column":29},"end":{"line":100,"column":1}},"45":{"start":{"line":86,"column":2},"end":{"line":99,"column":3}},"46":{"start":{"line":87,"column":17},"end":{"line":87,"column":27}},"47":{"start":{"line":88,"column":20},"end":{"line":88,"column":46}},"48":{"start":{"line":90,"column":4},"end":{"line":94,"column":5}},"49":{"start":{"line":91,"column":6},"end":{"line":93,"column":null}},"50":{"start":{"line":95,"column":4},"end":{"line":95,"column":null}},"51":{"start":{"line":96,"column":4},"end":{"line":96,"column":null}},"52":{"start":{"line":98,"column":4},"end":{"line":98,"column":null}},"53":{"start":{"line":85,"column":13},"end":{"line":85,"column":29}}},"fnMap":{"0":{"name":"(anonymous_1)","decl":{"start":{"line":5,"column":27},"end":{"line":5,"column":32}},"loc":{"start":{"line":5,"column":44},"end":{"line":12,"column":1}}},"1":{"name":"(anonymous_2)","decl":{"start":{"line":14,"column":30},"end":{"line":14,"column":35}},"loc":{"start":{"line":14,"column":64},"end":{"line":32,"column":3}}},"2":{"name":"(anonymous_3)","decl":{"start":{"line":34,"column":29},"end":{"line":34,"column":34}},"loc":{"start":{"line":34,"column":68},"end":{"line":41,"column":1}}},"3":{"name":"(anonymous_4)","decl":{"start":{"line":43,"column":29},"end":{"line":43,"column":34}},"loc":{"start":{"line":43,"column":64},"end":{"line":62,"column":1}}},"4":{"name":"(anonymous_5)","decl":{"start":{"line":65,"column":34},"end":{"line":65,"column":39}},"loc":{"start":{"line":65,"column":69},"end":{"line":83,"column":1}}},"5":{"name":"(anonymous_6)","decl":{"start":{"line":85,"column":29},"end":{"line":85,"column":34}},"loc":{"start":{"line":85,"column":64},"end":{"line":100,"column":1}}}},"branchMap":{"0":{"loc":{"start":{"line":19,"column":4},"end":{"line":23,"column":5}},"type":"if","locations":[{"start":{"line":19,"column":4},"end":{"line":23,"column":5}}]},"1":{"loc":{"start":{"line":48,"column":4},"end":{"line":52,"column":5}},"type":"if","locations":[{"start":{"line":48,"column":4},"end":{"line":52,"column":5}}]},"2":{"loc":{"start":{"line":70,"column":4},"end":{"line":74,"column":5}},"type":"if","locations":[{"start":{"line":70,"column":4},"end":{"line":74,"column":5}}]},"3":{"loc":{"start":{"line":90,"column":4},"end":{"line":94,"column":5}},"type":"if","locations":[{"start":{"line":90,"column":4},"end":{"line":94,"column":5}}]}},"s":{"0":2,"1":2,"2":2,"3":2,"4":2,"5":0,"6":2,"7":2,"8":2,"9":2,"10":2,"11":2,"12":1,"13":2,"14":1,"15":2,"16":2,"17":1,"18":1,"19":1,"20":0,"21":2,"22":2,"23":2,"24":2,"25":2,"26":2,"27":1,"28":2,"29":1,"30":1,"31":1,"32":2,"33":2,"34":1,"35":1,"36":1,"37":1,"38":1,"39":1,"40":0,"41":0,"42":1,"43":2,"44":2,"45":2,"46":2,"47":2,"48":2,"49":1,"50":2,"51":1,"52":1,"53":2},"f":{"0":2,"1":2,"2":1,"3":2,"4":1,"5":2},"b":{"0":[1],"1":[1],"2":[1],"3":[1]}}
,"C:\\Users\\Usuario\\Desktop\\rest_api_node_server\\src\\middleware\\index.ts": {"path":"C:\\Users\\Usuario\\Desktop\\rest_api_node_server\\src\\middleware\\index.ts","statementMap":{"0":{"start":{"line":2,"column":0},"end":{"line":2,"column":51}},"1":{"start":{"line":4,"column":33},"end":{"line":13,"column":1}},"2":{"start":{"line":5,"column":15},"end":{"line":5,"column":36}},"3":{"start":{"line":6,"column":2},"end":{"line":10,"column":3}},"4":{"start":{"line":8,"column":3},"end":{"line":8,"column":null}},"5":{"start":{"line":9,"column":3},"end":{"line":9,"column":9}},"6":{"start":{"line":11,"column":0},"end":{"line":11,"column":null}},"7":{"start":{"line":12,"column":0},"end":{"line":12,"column":null}},"8":{"start":{"line":4,"column":13},"end":{"line":4,"column":33}}},"fnMap":{"0":{"name":"(anonymous_0)","decl":{"start":{"line":4,"column":33},"end":{"line":4,"column":34}},"loc":{"start":{"line":4,"column":81},"end":{"line":13,"column":1}}}},"branchMap":{"0":{"loc":{"start":{"line":6,"column":2},"end":{"line":10,"column":3}},"type":"if","locations":[{"start":{"line":6,"column":2},"end":{"line":10,"column":3}}]}},"s":{"0":2,"1":2,"2":17,"3":17,"4":9,"5":9,"6":8,"7":8,"8":2},"f":{"0":17},"b":{"0":[9]}}
,"C:\\Users\\Usuario\\Desktop\\rest_api_node_server\\src\\models\\Product.ts": {"path":"C:\\Users\\Usuario\\Desktop\\rest_api_node_server\\src\\models\\Product.ts","statementMap":{"0":{"start":{"line":1,"column":0},"end":{"line":1,"column":72}},"1":{"start":{"line":7,"column":0},"end":{"line":24,"column":null}},"2":{"start":{"line":11,"column":12},"end":{"line":11,"column":null}},"3":{"start":{"line":16,"column":12},"end":{"line":16,"column":null}},"4":{"start":{"line":23,"column":13},"end":{"line":23,"column":null}},"5":{"start":{"line":7,"column":6},"end":{"line":24,"column":null}},"6":{"start":{"line":25,"column":0},"end":{"line":25,"column":null}}},"fnMap":{},"branchMap":{},"s":{"0":3,"1":3,"2":3,"3":3,"4":3,"5":3,"6":3},"f":{},"b":{}}
}
