TN:
SF:src\router.ts
FN:21,(anonymous_0)
FN:31,(anonymous_1)
FNF:2
FNH:2
FNDA:4,(anonymous_0)
FNDA:5,(anonymous_1)
DA:1,2
DA:2,2
DA:3,2
DA:4,2
DA:6,2
DA:8,2
DA:12,2
DA:17,2
DA:21,4
DA:26,2
DA:31,5
DA:37,2
DA:42,2
DA:48,2
LF:14
LH:14
BRF:0
BRH:0
end_of_record
TN:
SF:src\server.ts
FN:6,connectDB
FN:24,(anonymous_2)
FNF:2
FNH:2
FNDA:3,connectDB
FNDA:1,(anonymous_2)
DA:1,2
DA:2,2
DA:3,2
DA:6,2
DA:7,3
DA:8,3
DA:9,2
DA:12,1
DA:15,2
DA:17,2
DA:20,2
DA:22,2
DA:24,2
DA:25,1
DA:28,2
LF:15
LH:15
BRF:0
BRH:0
end_of_record
TN:
SF:src\config\db.ts
FNF:0
FNH:0
DA:1,2
DA:2,2
DA:4,2
DA:5,2
DA:10,2
LF:5
LH:5
BRF:0
BRH:0
end_of_record
TN:
SF:src\handlers\product.ts
FN:5,(anonymous_1)
FN:14,(anonymous_2)
FN:34,(anonymous_3)
FN:43,(anonymous_4)
FN:65,(anonymous_5)
FN:85,(anonymous_6)
FNF:6
FNH:6
FNDA:2,(anonymous_1)
FNDA:2,(anonymous_2)
FNDA:1,(anonymous_3)
FNDA:2,(anonymous_4)
FNDA:1,(anonymous_5)
FNDA:2,(anonymous_6)
DA:2,2
DA:5,2
DA:6,2
DA:7,2
DA:8,2
DA:10,0
DA:14,2
DA:15,2
DA:16,2
DA:17,2
DA:19,2
DA:20,1
DA:25,2
DA:28,1
DA:34,2
DA:35,1
DA:36,1
DA:37,1
DA:39,0
DA:43,2
DA:44,2
DA:45,2
DA:46,2
DA:48,2
DA:49,1
DA:54,2
DA:55,1
DA:57,1
DA:60,1
DA:65,2
DA:66,1
DA:67,1
DA:68,1
DA:70,1
DA:71,1
DA:76,1
DA:77,0
DA:79,0
DA:81,1
DA:85,2
DA:86,2
DA:87,2
DA:88,2
DA:90,2
DA:91,1
DA:95,2
DA:96,1
DA:98,1
LF:48
LH:44
BRDA:19,0,0,1
BRDA:48,1,0,1
BRDA:70,2,0,1
BRDA:90,3,0,1
BRF:4
BRH:4
end_of_record
TN:
SF:src\middleware\index.ts
FN:4,(anonymous_0)
FNF:1
FNH:1
FNDA:17,(anonymous_0)
DA:2,2
DA:4,2
DA:5,17
DA:6,17
DA:8,9
DA:9,9
DA:11,8
DA:12,8
LF:8
LH:8
BRDA:6,0,0,9
BRF:1
BRH:1
end_of_record
TN:
SF:src\models\Product.ts
FNF:0
FNH:0
DA:1,3
DA:7,3
DA:11,3
DA:16,3
DA:23,3
DA:25,3
LF:6
LH:6
BRF:0
BRH:0
end_of_record
